{"/Users/pedro_candido/Documents/Estudos/store/App.tsx": {"path":"/Users/pedro_candido/Documents/Estudos/store/App.tsx","statementMap":{"0":{"start":{"line":9,"column":0},"end":{"line":9,"column":36}},"1":{"start":{"line":12,"column":26},"end":{"line":19,"column":4}},"2":{"start":{"line":21,"column":2},"end":{"line":25,"column":22}},"3":{"start":{"line":22,"column":4},"end":{"line":24,"column":5}},"4":{"start":{"line":23,"column":6},"end":{"line":23,"column":31}},"5":{"start":{"line":27,"column":2},"end":{"line":29,"column":3}},"6":{"start":{"line":28,"column":4},"end":{"line":28,"column":16}},"7":{"start":{"line":31,"column":2},"end":{"line":31,"column":20}}},"fnMap":{"0":{"name":"App","decl":{"start":{"line":11,"column":24},"end":{"line":11,"column":27}},"loc":{"start":{"line":11,"column":30},"end":{"line":32,"column":1}},"line":11},"1":{"name":"(anonymous_1)","decl":{"start":{"line":21,"column":12},"end":{"line":21,"column":13}},"loc":{"start":{"line":21,"column":18},"end":{"line":25,"column":3}},"line":21}},"branchMap":{"0":{"loc":{"start":{"line":22,"column":4},"end":{"line":24,"column":5}},"type":"if","locations":[{"start":{"line":22,"column":4},"end":{"line":24,"column":5}},{"start":{},"end":{}}],"line":22},"1":{"loc":{"start":{"line":22,"column":8},"end":{"line":22,"column":23}},"type":"binary-expr","locations":[{"start":{"line":22,"column":8},"end":{"line":22,"column":14}},{"start":{"line":22,"column":18},"end":{"line":22,"column":23}}],"line":22},"2":{"loc":{"start":{"line":27,"column":2},"end":{"line":29,"column":3}},"type":"if","locations":[{"start":{"line":27,"column":2},"end":{"line":29,"column":3}},{"start":{},"end":{}}],"line":27},"3":{"loc":{"start":{"line":27,"column":6},"end":{"line":27,"column":23}},"type":"binary-expr","locations":[{"start":{"line":27,"column":6},"end":{"line":27,"column":13}},{"start":{"line":27,"column":17},"end":{"line":27,"column":23}}],"line":27}},"s":{"0":0,"1":0,"2":0,"3":0,"4":0,"5":0,"6":0,"7":0},"f":{"0":0,"1":0},"b":{"0":[0,0],"1":[0,0],"2":[0,0],"3":[0,0]}}
,"/Users/pedro_candido/Documents/Estudos/store/index.js": {"path":"/Users/pedro_candido/Documents/Estudos/store/index.js","statementMap":{"0":{"start":{"line":8,"column":0},"end":{"line":8,"column":27}}},"fnMap":{},"branchMap":{},"s":{"0":0},"f":{},"b":{}}
,"/Users/pedro_candido/Documents/Estudos/store/jest.config.js": {"path":"/Users/pedro_candido/Documents/Estudos/store/jest.config.js","statementMap":{"0":{"start":{"line":1,"column":0},"end":{"line":16,"column":2}}},"fnMap":{},"branchMap":{},"s":{"0":0},"f":{},"b":{}}
,"/Users/pedro_candido/Documents/Estudos/store/metro.config.js": {"path":"/Users/pedro_candido/Documents/Estudos/store/metro.config.js","statementMap":{"0":{"start":{"line":1,"column":29},"end":{"line":1,"column":57}},"1":{"start":{"line":3,"column":0},"end":{"line":19,"column":5}},"2":{"start":{"line":4,"column":17},"end":{"line":4,"column":44}},"3":{"start":{"line":6,"column":36},"end":{"line":6,"column":42}},"4":{"start":{"line":8,"column":2},"end":{"line":11,"column":4}},"5":{"start":{"line":12,"column":2},"end":{"line":16,"column":4}},"6":{"start":{"line":14,"column":50},"end":{"line":14,"column":63}},"7":{"start":{"line":18,"column":2},"end":{"line":18,"column":16}}},"fnMap":{"0":{"name":"(anonymous_0)","decl":{"start":{"line":3,"column":18},"end":{"line":3,"column":19}},"loc":{"start":{"line":3,"column":24},"end":{"line":19,"column":1}},"line":3},"1":{"name":"(anonymous_1)","decl":{"start":{"line":14,"column":41},"end":{"line":14,"column":42}},"loc":{"start":{"line":14,"column":50},"end":{"line":14,"column":63}},"line":14}},"branchMap":{},"s":{"0":0,"1":0,"2":0,"3":0,"4":0,"5":0,"6":0,"7":0},"f":{"0":0,"1":0},"b":{}}
,"/Users/pedro_candido/Documents/Estudos/store/.storybook/index.ts": {"path":"/Users/pedro_candido/Documents/Estudos/store/.storybook/index.ts","statementMap":{"0":{"start":{"line":4,"column":24},"end":{"line":9,"column":2}}},"fnMap":{},"branchMap":{},"s":{"0":0},"f":{},"b":{}}
,"/Users/pedro_candido/Documents/Estudos/store/.storybook/main.ts": {"path":"/Users/pedro_candido/Documents/Estudos/store/.storybook/main.ts","statementMap":{"0":{"start":{"line":3,"column":30},"end":{"line":6,"column":1}}},"fnMap":{},"branchMap":{},"s":{"0":0},"f":{},"b":{}}
,"/Users/pedro_candido/Documents/Estudos/store/.storybook/preview.tsx": {"path":"/Users/pedro_candido/Documents/Estudos/store/.storybook/preview.tsx","statementMap":{"0":{"start":{"line":3,"column":25},"end":{"line":12,"column":1}}},"fnMap":{},"branchMap":{},"s":{"0":0},"f":{},"b":{}}
,"/Users/pedro_candido/Documents/Estudos/store/.storybook/storybook.requires.ts": {"path":"/Users/pedro_candido/Documents/Estudos/store/.storybook/storybook.requires.ts","statementMap":{"0":{"start":{"line":8,"column":26},"end":{"line":22,"column":1}},"1":{"start":{"line":25,"column":0},"end":{"line":25,"column":35}},"2":{"start":{"line":27,"column":20},"end":{"line":34,"column":2}}},"fnMap":{},"branchMap":{},"s":{"0":0,"1":0,"2":0},"f":{},"b":{}}
,"/Users/pedro_candido/Documents/Estudos/store/.storybook/stories/Button/Button.stories.tsx": {"path":"/Users/pedro_candido/Documents/Estudos/store/.storybook/stories/Button/Button.stories.tsx","statementMap":{"0":{"start":{"line":5,"column":44},"end":{"line":21,"column":1}},"1":{"start":{"line":16,"column":6},"end":{"line":18,"column":13}},"2":{"start":{"line":25,"column":48},"end":{"line":25,"column":50}},"3":{"start":{"line":27,"column":57},"end":{"line":31,"column":1}}},"fnMap":{"0":{"name":"(anonymous_0)","decl":{"start":{"line":15,"column":4},"end":{"line":15,"column":5}},"loc":{"start":{"line":16,"column":6},"end":{"line":18,"column":13}},"line":16}},"branchMap":{},"s":{"0":0,"1":0,"2":0,"3":0},"f":{"0":0},"b":{}}
,"/Users/pedro_candido/Documents/Estudos/store/.storybook/stories/Button/Button.tsx": {"path":"/Users/pedro_candido/Documents/Estudos/store/.storybook/stories/Button/Button.tsx","statementMap":{"0":{"start":{"line":8,"column":24},"end":{"line":14,"column":1}},"1":{"start":{"line":9,"column":2},"end":{"line":13,"column":4}},"2":{"start":{"line":16,"column":15},"end":{"line":24,"column":2}}},"fnMap":{"0":{"name":"(anonymous_0)","decl":{"start":{"line":8,"column":24},"end":{"line":8,"column":25}},"loc":{"start":{"line":8,"column":62},"end":{"line":14,"column":1}},"line":8}},"branchMap":{},"s":{"0":0,"1":0,"2":0},"f":{"0":0},"b":{}}
,"/Users/pedro_candido/Documents/Estudos/store/src/api/index.ts": {"path":"/Users/pedro_candido/Documents/Estudos/store/src/api/index.ts","statementMap":{"0":{"start":{"line":3,"column":19},"end":{"line":7,"column":2}}},"fnMap":{},"branchMap":{},"s":{"0":0},"f":{},"b":{}}
,"/Users/pedro_candido/Documents/Estudos/store/src/assets/index.tsx": {"path":"/Users/pedro_candido/Documents/Estudos/store/src/assets/index.tsx","statementMap":{},"fnMap":{},"branchMap":{},"s":{},"f":{},"b":{}}
,"/Users/pedro_candido/Documents/Estudos/store/src/assets/svg.d.ts": {"path":"/Users/pedro_candido/Documents/Estudos/store/src/assets/svg.d.ts","statementMap":{},"fnMap":{},"branchMap":{},"s":{},"f":{},"b":{}}
,"/Users/pedro_candido/Documents/Estudos/store/src/components/AddedProduct/AddedProduct.styles.ts": {"path":"/Users/pedro_candido/Documents/Estudos/store/src/components/AddedProduct/AddedProduct.styles.ts","statementMap":{"0":{"start":{"line":5,"column":25},"end":{"line":11,"column":1}},"1":{"start":{"line":13,"column":23},"end":{"line":16,"column":1}},"2":{"start":{"line":18,"column":28},"end":{"line":21,"column":1}}},"fnMap":{},"branchMap":{},"s":{"0":0,"1":0,"2":0},"f":{},"b":{}}
,"/Users/pedro_candido/Documents/Estudos/store/src/components/AddedProduct/index.tsx": {"path":"/Users/pedro_candido/Documents/Estudos/store/src/components/AddedProduct/index.tsx","statementMap":{"0":{"start":{"line":10,"column":28},"end":{"line":10,"column":38}},"1":{"start":{"line":12,"column":22},"end":{"line":14,"column":3}},"2":{"start":{"line":13,"column":4},"end":{"line":13,"column":29}},"3":{"start":{"line":16,"column":2},"end":{"line":35,"column":4}}},"fnMap":{"0":{"name":"AddedProduct","decl":{"start":{"line":9,"column":9},"end":{"line":9,"column":21}},"loc":{"start":{"line":9,"column":90},"end":{"line":36,"column":1}},"line":9},"1":{"name":"(anonymous_1)","decl":{"start":{"line":12,"column":22},"end":{"line":12,"column":23}},"loc":{"start":{"line":12,"column":28},"end":{"line":14,"column":3}},"line":12}},"branchMap":{},"s":{"0":0,"1":0,"2":0,"3":0},"f":{"0":0,"1":0},"b":{}}
,"/Users/pedro_candido/Documents/Estudos/store/src/components/AddedProductsList/index.tsx": {"path":"/Users/pedro_candido/Documents/Estudos/store/src/components/AddedProductsList/index.tsx","statementMap":{"0":{"start":{"line":9,"column":29},"end":{"line":9,"column":39}},"1":{"start":{"line":11,"column":2},"end":{"line":17,"column":4}},"2":{"start":{"line":15,"column":32},"end":{"line":15,"column":58}}},"fnMap":{"0":{"name":"AddedProductsList","decl":{"start":{"line":8,"column":9},"end":{"line":8,"column":26}},"loc":{"start":{"line":8,"column":31},"end":{"line":18,"column":1}},"line":8},"1":{"name":"(anonymous_1)","decl":{"start":{"line":15,"column":18},"end":{"line":15,"column":19}},"loc":{"start":{"line":15,"column":32},"end":{"line":15,"column":58}},"line":15}},"branchMap":{},"s":{"0":0,"1":0,"2":0},"f":{"0":0,"1":0},"b":{}}
,"/Users/pedro_candido/Documents/Estudos/store/src/components/Button/Button.styles.tsx": {"path":"/Users/pedro_candido/Documents/Estudos/store/src/components/Button/Button.styles.tsx","statementMap":{"0":{"start":{"line":12,"column":31},"end":{"line":22,"column":1}},"1":{"start":{"line":13,"column":37},"end":{"line":13,"column":79}},"2":{"start":{"line":24,"column":21},"end":{"line":27,"column":1}},"3":{"start":{"line":29,"column":20},"end":{"line":32,"column":1}}},"fnMap":{"0":{"name":"(anonymous_0)","decl":{"start":{"line":13,"column":22},"end":{"line":13,"column":23}},"loc":{"start":{"line":13,"column":37},"end":{"line":13,"column":79}},"line":13}},"branchMap":{"0":{"loc":{"start":{"line":13,"column":37},"end":{"line":13,"column":79}},"type":"cond-expr","locations":[{"start":{"line":13,"column":58},"end":{"line":13,"column":67}},{"start":{"line":13,"column":70},"end":{"line":13,"column":79}}],"line":13}},"s":{"0":1,"1":3,"2":1,"3":1},"f":{"0":3},"b":{"0":[2,1]},"_coverageSchema":"1a1c01bbd47fc00a2c39e90264f33305004495a9","hash":"6c1de5c9b514f9d26c0e9d1f370c59988c7e7ee7"}
,"/Users/pedro_candido/Documents/Estudos/store/src/components/Button/Button.types.ts": {"path":"/Users/pedro_candido/Documents/Estudos/store/src/components/Button/Button.types.ts","statementMap":{},"fnMap":{},"branchMap":{},"s":{},"f":{},"b":{}}
,"/Users/pedro_candido/Documents/Estudos/store/src/components/Button/index.tsx": {"path":"/Users/pedro_candido/Documents/Estudos/store/src/components/Button/index.tsx","statementMap":{"0":{"start":{"line":5,"column":2},"end":{"line":14,"column":4}},"1":{"start":{"line":7,"column":31},"end":{"line":7,"column":62}}},"fnMap":{"0":{"name":"Button","decl":{"start":{"line":4,"column":9},"end":{"line":4,"column":15}},"loc":{"start":{"line":4,"column":77},"end":{"line":15,"column":1}},"line":4},"1":{"name":"(anonymous_1)","decl":{"start":{"line":7,"column":13},"end":{"line":7,"column":14}},"loc":{"start":{"line":7,"column":31},"end":{"line":7,"column":62}},"line":7}},"branchMap":{"0":{"loc":{"start":{"line":4,"column":18},"end":{"line":4,"column":34}},"type":"default-arg","locations":[{"start":{"line":4,"column":25},"end":{"line":4,"column":34}}],"line":4},"1":{"loc":{"start":{"line":7,"column":31},"end":{"line":7,"column":62}},"type":"cond-expr","locations":[{"start":{"line":7,"column":41},"end":{"line":7,"column":57}},{"start":{"line":7,"column":60},"end":{"line":7,"column":62}}],"line":7},"2":{"loc":{"start":{"line":11,"column":7},"end":{"line":11,"column":36}},"type":"binary-expr","locations":[{"start":{"line":11,"column":7},"end":{"line":11,"column":11}},{"start":{"line":11,"column":15},"end":{"line":11,"column":36}}],"line":11},"3":{"loc":{"start":{"line":12,"column":7},"end":{"line":12,"column":43}},"type":"binary-expr","locations":[{"start":{"line":12,"column":7},"end":{"line":12,"column":15}},{"start":{"line":12,"column":19},"end":{"line":12,"column":43}}],"line":12}},"s":{"0":3,"1":3},"f":{"0":3,"1":3},"b":{"0":[2],"1":[0,3],"2":[3,3],"3":[3,3]},"_coverageSchema":"1a1c01bbd47fc00a2c39e90264f33305004495a9","hash":"fe8ba343b8c2c3e2940e4c994cf032ac4e753d81"}
,"/Users/pedro_candido/Documents/Estudos/store/src/components/HeaderItem/HeaderItem.styles.tsx": {"path":"/Users/pedro_candido/Documents/Estudos/store/src/components/HeaderItem/HeaderItem.styles.tsx","statementMap":{"0":{"start":{"line":7,"column":31},"end":{"line":22,"column":1}},"1":{"start":{"line":9,"column":4},"end":{"line":15,"column":9}},"2":{"start":{"line":24,"column":21},"end":{"line":27,"column":1}},"3":{"start":{"line":29,"column":20},"end":{"line":32,"column":1}}},"fnMap":{"0":{"name":"(anonymous_0)","decl":{"start":{"line":8,"column":4},"end":{"line":8,"column":5}},"loc":{"start":{"line":9,"column":4},"end":{"line":15,"column":9}},"line":9}},"branchMap":{"0":{"loc":{"start":{"line":9,"column":4},"end":{"line":15,"column":9}},"type":"cond-expr","locations":[{"start":{"line":10,"column":8},"end":{"line":12,"column":9}},{"start":{"line":13,"column":8},"end":{"line":15,"column":9}}],"line":9}},"s":{"0":0,"1":0,"2":0,"3":0},"f":{"0":0},"b":{"0":[0,0]}}
,"/Users/pedro_candido/Documents/Estudos/store/src/components/HeaderItem/HeaderItem.types.ts": {"path":"/Users/pedro_candido/Documents/Estudos/store/src/components/HeaderItem/HeaderItem.types.ts","statementMap":{},"fnMap":{},"branchMap":{},"s":{},"f":{},"b":{}}
,"/Users/pedro_candido/Documents/Estudos/store/src/components/HeaderItem/index.tsx": {"path":"/Users/pedro_candido/Documents/Estudos/store/src/components/HeaderItem/index.tsx","statementMap":{"0":{"start":{"line":11,"column":2},"end":{"line":21,"column":4}},"1":{"start":{"line":13,"column":31},"end":{"line":13,"column":62}}},"fnMap":{"0":{"name":"HeaderItem","decl":{"start":{"line":4,"column":9},"end":{"line":4,"column":19}},"loc":{"start":{"line":10,"column":17},"end":{"line":22,"column":1}},"line":10},"1":{"name":"(anonymous_1)","decl":{"start":{"line":13,"column":13},"end":{"line":13,"column":14}},"loc":{"start":{"line":13,"column":31},"end":{"line":13,"column":62}},"line":13}},"branchMap":{"0":{"loc":{"start":{"line":5,"column":2},"end":{"line":5,"column":18}},"type":"default-arg","locations":[{"start":{"line":5,"column":9},"end":{"line":5,"column":18}}],"line":5},"1":{"loc":{"start":{"line":8,"column":2},"end":{"line":8,"column":24}},"type":"default-arg","locations":[{"start":{"line":8,"column":19},"end":{"line":8,"column":24}}],"line":8},"2":{"loc":{"start":{"line":13,"column":31},"end":{"line":13,"column":62}},"type":"cond-expr","locations":[{"start":{"line":13,"column":41},"end":{"line":13,"column":57}},{"start":{"line":13,"column":60},"end":{"line":13,"column":62}}],"line":13},"3":{"loc":{"start":{"line":18,"column":7},"end":{"line":18,"column":36}},"type":"binary-expr","locations":[{"start":{"line":18,"column":7},"end":{"line":18,"column":11}},{"start":{"line":18,"column":15},"end":{"line":18,"column":36}}],"line":18},"4":{"loc":{"start":{"line":19,"column":7},"end":{"line":19,"column":43}},"type":"binary-expr","locations":[{"start":{"line":19,"column":7},"end":{"line":19,"column":15}},{"start":{"line":19,"column":19},"end":{"line":19,"column":43}}],"line":19}},"s":{"0":0,"1":0},"f":{"0":0,"1":0},"b":{"0":[0],"1":[0],"2":[0,0],"3":[0,0],"4":[0,0]}}
,"/Users/pedro_candido/Documents/Estudos/store/src/components/HeaderLeftItem/index.tsx": {"path":"/Users/pedro_candido/Documents/Estudos/store/src/components/HeaderLeftItem/index.tsx","statementMap":{"0":{"start":{"line":8,"column":21},"end":{"line":8,"column":81}},"1":{"start":{"line":10,"column":22},"end":{"line":12,"column":3}},"2":{"start":{"line":11,"column":4},"end":{"line":11,"column":13}},"3":{"start":{"line":14,"column":2},"end":{"line":14,"column":72}}},"fnMap":{"0":{"name":"HeaderLeftItem","decl":{"start":{"line":7,"column":9},"end":{"line":7,"column":23}},"loc":{"start":{"line":7,"column":26},"end":{"line":15,"column":1}},"line":7},"1":{"name":"(anonymous_1)","decl":{"start":{"line":10,"column":22},"end":{"line":10,"column":23}},"loc":{"start":{"line":10,"column":28},"end":{"line":12,"column":3}},"line":10}},"branchMap":{},"s":{"0":0,"1":0,"2":0,"3":0},"f":{"0":0,"1":0},"b":{}}
,"/Users/pedro_candido/Documents/Estudos/store/src/components/HeaderRightItem/index.tsx": {"path":"/Users/pedro_candido/Documents/Estudos/store/src/components/HeaderRightItem/index.tsx","statementMap":{"0":{"start":{"line":8,"column":23},"end":{"line":8,"column":83}},"1":{"start":{"line":10,"column":22},"end":{"line":12,"column":3}},"2":{"start":{"line":11,"column":4},"end":{"line":11,"column":33}},"3":{"start":{"line":14,"column":2},"end":{"line":21,"column":4}}},"fnMap":{"0":{"name":"HeaderRightItem","decl":{"start":{"line":7,"column":9},"end":{"line":7,"column":24}},"loc":{"start":{"line":7,"column":27},"end":{"line":22,"column":1}},"line":7},"1":{"name":"(anonymous_1)","decl":{"start":{"line":10,"column":22},"end":{"line":10,"column":23}},"loc":{"start":{"line":10,"column":28},"end":{"line":12,"column":3}},"line":10}},"branchMap":{},"s":{"0":0,"1":0,"2":0,"3":0},"f":{"0":0,"1":0},"b":{}}
,"/Users/pedro_candido/Documents/Estudos/store/src/components/Label/Label.styles.ts": {"path":"/Users/pedro_candido/Documents/Estudos/store/src/components/Label/Label.styles.ts","statementMap":{"0":{"start":{"line":3,"column":20},"end":{"line":5,"column":1}}},"fnMap":{},"branchMap":{},"s":{"0":1},"f":{},"b":{},"_coverageSchema":"1a1c01bbd47fc00a2c39e90264f33305004495a9","hash":"1fa2601e55434c3072dc87636b8875ae541efcf0"}
,"/Users/pedro_candido/Documents/Estudos/store/src/components/Label/index.tsx": {"path":"/Users/pedro_candido/Documents/Estudos/store/src/components/Label/index.tsx","statementMap":{"0":{"start":{"line":6,"column":2},"end":{"line":6,"column":29}}},"fnMap":{"0":{"name":"Label","decl":{"start":{"line":5,"column":9},"end":{"line":5,"column":14}},"loc":{"start":{"line":5,"column":33},"end":{"line":7,"column":1}},"line":5}},"branchMap":{},"s":{"0":9},"f":{"0":9},"b":{},"_coverageSchema":"1a1c01bbd47fc00a2c39e90264f33305004495a9","hash":"bba9d59e3bffe900d89224aa8da975113e7ba061"}
,"/Users/pedro_candido/Documents/Estudos/store/src/components/ListEmptyComponent/index.tsx": {"path":"/Users/pedro_candido/Documents/Estudos/store/src/components/ListEmptyComponent/index.tsx","statementMap":{"0":{"start":{"line":4,"column":2},"end":{"line":9,"column":9}}},"fnMap":{"0":{"name":"ListEmptyComponent","decl":{"start":{"line":3,"column":9},"end":{"line":3,"column":27}},"loc":{"start":{"line":3,"column":30},"end":{"line":10,"column":1}},"line":3}},"branchMap":{},"s":{"0":0},"f":{"0":0},"b":{}}
,"/Users/pedro_candido/Documents/Estudos/store/src/components/Product/Product.styles.ts": {"path":"/Users/pedro_candido/Documents/Estudos/store/src/components/Product/Product.styles.ts","statementMap":{"0":{"start":{"line":5,"column":25},"end":{"line":11,"column":1}},"1":{"start":{"line":13,"column":23},"end":{"line":18,"column":1}},"2":{"start":{"line":20,"column":30},"end":{"line":23,"column":1}},"3":{"start":{"line":25,"column":31},"end":{"line":32,"column":1}},"4":{"start":{"line":34,"column":23},"end":{"line":39,"column":1}},"5":{"start":{"line":41,"column":24},"end":{"line":44,"column":4}}},"fnMap":{},"branchMap":{},"s":{"0":1,"1":1,"2":1,"3":1,"4":1,"5":1},"f":{},"b":{},"_coverageSchema":"1a1c01bbd47fc00a2c39e90264f33305004495a9","hash":"7d2ec06f174ef6b103f03ed8b366f9f577a431df"}
,"/Users/pedro_candido/Documents/Estudos/store/src/components/Product/index.tsx": {"path":"/Users/pedro_candido/Documents/Estudos/store/src/components/Product/index.tsx","statementMap":{"0":{"start":{"line":19,"column":26},"end":{"line":19,"column":33}},"1":{"start":{"line":22,"column":56},"end":{"line":22,"column":66}},"2":{"start":{"line":23,"column":31},"end":{"line":23,"column":44}},"3":{"start":{"line":25,"column":38},"end":{"line":25,"column":74}},"4":{"start":{"line":28,"column":4},"end":{"line":34,"column":7}},"5":{"start":{"line":38,"column":4},"end":{"line":38,"column":22}},"6":{"start":{"line":41,"column":2},"end":{"line":87,"column":4}}},"fnMap":{"0":{"name":"Product","decl":{"start":{"line":21,"column":9},"end":{"line":21,"column":16}},"loc":{"start":{"line":21,"column":77},"end":{"line":88,"column":1}},"line":21},"1":{"name":"handlePressPrimary","decl":{"start":{"line":27,"column":11},"end":{"line":27,"column":29}},"loc":{"start":{"line":27,"column":32},"end":{"line":35,"column":3}},"line":27},"2":{"name":"handlePressSecondary","decl":{"start":{"line":37,"column":11},"end":{"line":37,"column":31}},"loc":{"start":{"line":37,"column":34},"end":{"line":39,"column":3}},"line":37}},"branchMap":{"0":{"loc":{"start":{"line":67,"column":13},"end":{"line":82,"column":13}},"type":"cond-expr","locations":[{"start":{"line":68,"column":14},"end":{"line":73,"column":16}},{"start":{"line":75,"column":14},"end":{"line":81,"column":16}}],"line":67}},"s":{"0":1,"1":3,"2":3,"3":3,"4":1,"5":1,"6":3},"f":{"0":3,"1":1,"2":1},"b":{"0":[2,1]},"_coverageSchema":"1a1c01bbd47fc00a2c39e90264f33305004495a9","hash":"9c406aae928d1479b6376e5efbbd0609da6bf761"}
,"/Users/pedro_candido/Documents/Estudos/store/src/components/ProductList/ProductList.styles.ts": {"path":"/Users/pedro_candido/Documents/Estudos/store/src/components/ProductList/ProductList.styles.ts","statementMap":{"0":{"start":{"line":5,"column":25},"end":{"line":8,"column":1}}},"fnMap":{},"branchMap":{},"s":{"0":0},"f":{},"b":{}}
,"/Users/pedro_candido/Documents/Estudos/store/src/components/ProductList/ProductList.types.ts": {"path":"/Users/pedro_candido/Documents/Estudos/store/src/components/ProductList/ProductList.types.ts","statementMap":{},"fnMap":{},"branchMap":{},"s":{},"f":{},"b":{}}
,"/Users/pedro_candido/Documents/Estudos/store/src/components/ProductList/index.tsx": {"path":"/Users/pedro_candido/Documents/Estudos/store/src/components/ProductList/index.tsx","statementMap":{"0":{"start":{"line":12,"column":2},"end":{"line":24,"column":4}},"1":{"start":{"line":18,"column":54},"end":{"line":18,"column":75}}},"fnMap":{"0":{"name":"ProductList","decl":{"start":{"line":11,"column":9},"end":{"line":11,"column":20}},"loc":{"start":{"line":11,"column":49},"end":{"line":25,"column":1}},"line":11},"1":{"name":"(anonymous_1)","decl":{"start":{"line":18,"column":20},"end":{"line":18,"column":21}},"loc":{"start":{"line":18,"column":54},"end":{"line":18,"column":75}},"line":18}},"branchMap":{},"s":{"0":0,"1":0},"f":{"0":0,"1":0},"b":{}}
,"/Users/pedro_candido/Documents/Estudos/store/src/constants/testIds.ts": {"path":"/Users/pedro_candido/Documents/Estudos/store/src/constants/testIds.ts","statementMap":{"0":{"start":{"line":1,"column":16},"end":{"line":5,"column":1}}},"fnMap":{},"branchMap":{},"s":{"0":1},"f":{},"b":{},"_coverageSchema":"1a1c01bbd47fc00a2c39e90264f33305004495a9","hash":"3f8fd2a077545358114e0e937d535a3097b0e80b"}
,"/Users/pedro_candido/Documents/Estudos/store/src/hooks/hooks.types.ts": {"path":"/Users/pedro_candido/Documents/Estudos/store/src/hooks/hooks.types.ts","statementMap":{},"fnMap":{},"branchMap":{},"s":{},"f":{},"b":{}}
,"/Users/pedro_candido/Documents/Estudos/store/src/hooks/index.ts": {"path":"/Users/pedro_candido/Documents/Estudos/store/src/hooks/index.ts","statementMap":{},"fnMap":{},"branchMap":{},"s":{},"f":{},"b":{}}
,"/Users/pedro_candido/Documents/Estudos/store/src/hooks/useCart.ts": {"path":"/Users/pedro_candido/Documents/Estudos/store/src/hooks/useCart.ts","statementMap":{"0":{"start":{"line":9,"column":79},"end":{"line":9,"column":89}},"1":{"start":{"line":11,"column":4},"end":{"line":11,"column":72}},"2":{"start":{"line":15,"column":4},"end":{"line":15,"column":35}},"3":{"start":{"line":18,"column":2},"end":{"line":21,"column":4}}},"fnMap":{"0":{"name":"useCart","decl":{"start":{"line":8,"column":9},"end":{"line":8,"column":16}},"loc":{"start":{"line":8,"column":29},"end":{"line":22,"column":1}},"line":8},"1":{"name":"addProduct","decl":{"start":{"line":10,"column":11},"end":{"line":10,"column":21}},"loc":{"start":{"line":10,"column":86},"end":{"line":12,"column":3}},"line":10},"2":{"name":"removeProductFromCart","decl":{"start":{"line":14,"column":11},"end":{"line":14,"column":32}},"loc":{"start":{"line":14,"column":64},"end":{"line":16,"column":3}},"line":14}},"branchMap":{},"s":{"0":0,"1":0,"2":0,"3":0},"f":{"0":0,"1":0,"2":0},"b":{}}
,"/Users/pedro_candido/Documents/Estudos/store/src/hooks/useProducts.ts": {"path":"/Users/pedro_candido/Documents/Estudos/store/src/hooks/useProducts.ts","statementMap":{"0":{"start":{"line":8,"column":34},"end":{"line":8,"column":46}},"1":{"start":{"line":10,"column":2},"end":{"line":12,"column":9}},"2":{"start":{"line":11,"column":4},"end":{"line":11,"column":18}},"3":{"start":{"line":15,"column":4},"end":{"line":23,"column":5}},"4":{"start":{"line":16,"column":6},"end":{"line":16,"column":31}},"5":{"start":{"line":17,"column":23},"end":{"line":17,"column":49}},"6":{"start":{"line":18,"column":6},"end":{"line":18,"column":24}},"7":{"start":{"line":19,"column":6},"end":{"line":19,"column":31}},"8":{"start":{"line":21,"column":6},"end":{"line":21,"column":23}},"9":{"start":{"line":22,"column":6},"end":{"line":22,"column":32}},"10":{"start":{"line":27,"column":21},"end":{"line":27,"column":57}},"11":{"start":{"line":28,"column":4},"end":{"line":28,"column":33}},"12":{"start":{"line":32,"column":21},"end":{"line":32,"column":79}},"13":{"start":{"line":33,"column":4},"end":{"line":33,"column":33}},"14":{"start":{"line":37,"column":21},"end":{"line":37,"column":80}},"15":{"start":{"line":38,"column":4},"end":{"line":38,"column":33}},"16":{"start":{"line":42,"column":21},"end":{"line":42,"column":90}},"17":{"start":{"line":43,"column":4},"end":{"line":43,"column":33}},"18":{"start":{"line":47,"column":4},"end":{"line":47,"column":73}},"19":{"start":{"line":47,"column":43},"end":{"line":47,"column":71}},"20":{"start":{"line":50,"column":2},"end":{"line":58,"column":4}}},"fnMap":{"0":{"name":"useProducts","decl":{"start":{"line":7,"column":9},"end":{"line":7,"column":20}},"loc":{"start":{"line":7,"column":37},"end":{"line":59,"column":1}},"line":7},"1":{"name":"(anonymous_1)","decl":{"start":{"line":10,"column":12},"end":{"line":10,"column":13}},"loc":{"start":{"line":10,"column":18},"end":{"line":12,"column":3}},"line":10},"2":{"name":"getProducts","decl":{"start":{"line":14,"column":17},"end":{"line":14,"column":28}},"loc":{"start":{"line":14,"column":31},"end":{"line":24,"column":3}},"line":14},"3":{"name":"getOneProduct","decl":{"start":{"line":26,"column":17},"end":{"line":26,"column":30}},"loc":{"start":{"line":26,"column":50},"end":{"line":29,"column":3}},"line":26},"4":{"name":"sortAllProducts","decl":{"start":{"line":31,"column":17},"end":{"line":31,"column":32}},"loc":{"start":{"line":31,"column":35},"end":{"line":34,"column":3}},"line":31},"5":{"name":"getAllCategories","decl":{"start":{"line":36,"column":17},"end":{"line":36,"column":33}},"loc":{"start":{"line":36,"column":36},"end":{"line":39,"column":3}},"line":36},"6":{"name":"getProductsFromACategory","decl":{"start":{"line":41,"column":17},"end":{"line":41,"column":41}},"loc":{"start":{"line":41,"column":60},"end":{"line":44,"column":3}},"line":41},"7":{"name":"hasProductOnCart","decl":{"start":{"line":46,"column":11},"end":{"line":46,"column":27}},"loc":{"start":{"line":46,"column":82},"end":{"line":48,"column":3}},"line":46},"8":{"name":"(anonymous_8)","decl":{"start":{"line":47,"column":33},"end":{"line":47,"column":34}},"loc":{"start":{"line":47,"column":43},"end":{"line":47,"column":71}},"line":47}},"branchMap":{},"s":{"0":0,"1":0,"2":0,"3":0,"4":0,"5":0,"6":0,"7":0,"8":0,"9":0,"10":0,"11":0,"12":0,"13":0,"14":0,"15":0,"16":0,"17":0,"18":0,"19":0,"20":0},"f":{"0":0,"1":0,"2":0,"3":0,"4":0,"5":0,"6":0,"7":0,"8":0},"b":{}}
,"/Users/pedro_candido/Documents/Estudos/store/src/routes/LoggedRouters.ts": {"path":"/Users/pedro_candido/Documents/Estudos/store/src/routes/LoggedRouters.ts","statementMap":{},"fnMap":{},"branchMap":{},"s":{},"f":{},"b":{}}
,"/Users/pedro_candido/Documents/Estudos/store/src/routes/Routes.tsx": {"path":"/Users/pedro_candido/Documents/Estudos/store/src/routes/Routes.tsx","statementMap":{"0":{"start":{"line":12,"column":30},"end":{"line":12,"column":76}},"1":{"start":{"line":15,"column":2},"end":{"line":35,"column":4}},"2":{"start":{"line":22,"column":31},"end":{"line":22,"column":51}},"3":{"start":{"line":23,"column":31},"end":{"line":23,"column":50}},"4":{"start":{"line":30,"column":30},"end":{"line":30,"column":48}}},"fnMap":{"0":{"name":"Routes","decl":{"start":{"line":14,"column":9},"end":{"line":14,"column":15}},"loc":{"start":{"line":14,"column":18},"end":{"line":36,"column":1}},"line":14},"1":{"name":"(anonymous_1)","decl":{"start":{"line":22,"column":25},"end":{"line":22,"column":26}},"loc":{"start":{"line":22,"column":31},"end":{"line":22,"column":51}},"line":22},"2":{"name":"(anonymous_2)","decl":{"start":{"line":23,"column":25},"end":{"line":23,"column":26}},"loc":{"start":{"line":23,"column":31},"end":{"line":23,"column":50}},"line":23},"3":{"name":"(anonymous_3)","decl":{"start":{"line":30,"column":24},"end":{"line":30,"column":25}},"loc":{"start":{"line":30,"column":30},"end":{"line":30,"column":48}},"line":30}},"branchMap":{},"s":{"0":0,"1":0,"2":0,"3":0,"4":0},"f":{"0":0,"1":0,"2":0,"3":0},"b":{}}
,"/Users/pedro_candido/Documents/Estudos/store/src/screens/index.ts": {"path":"/Users/pedro_candido/Documents/Estudos/store/src/screens/index.ts","statementMap":{},"fnMap":{},"branchMap":{},"s":{},"f":{},"b":{}}
,"/Users/pedro_candido/Documents/Estudos/store/src/screens/Cart/Cart.styles.ts.tsx": {"path":"/Users/pedro_candido/Documents/Estudos/store/src/screens/Cart/Cart.styles.ts.tsx","statementMap":{"0":{"start":{"line":5,"column":25},"end":{"line":9,"column":1}},"1":{"start":{"line":11,"column":21},"end":{"line":14,"column":1}}},"fnMap":{},"branchMap":{},"s":{"0":0,"1":0},"f":{},"b":{}}
,"/Users/pedro_candido/Documents/Estudos/store/src/screens/Cart/index.tsx": {"path":"/Users/pedro_candido/Documents/Estudos/store/src/screens/Cart/index.tsx","statementMap":{"0":{"start":{"line":6,"column":29},"end":{"line":6,"column":39}},"1":{"start":{"line":8,"column":2},"end":{"line":13,"column":4}}},"fnMap":{"0":{"name":"Cart","decl":{"start":{"line":5,"column":9},"end":{"line":5,"column":13}},"loc":{"start":{"line":5,"column":16},"end":{"line":14,"column":1}},"line":5}},"branchMap":{"0":{"loc":{"start":{"line":10,"column":7},"end":{"line":10,"column":73}},"type":"binary-expr","locations":[{"start":{"line":10,"column":7},"end":{"line":10,"column":34}},{"start":{"line":10,"column":38},"end":{"line":10,"column":73}}],"line":10},"1":{"loc":{"start":{"line":11,"column":7},"end":{"line":11,"column":59}},"type":"binary-expr","locations":[{"start":{"line":11,"column":7},"end":{"line":11,"column":34}},{"start":{"line":11,"column":38},"end":{"line":11,"column":59}}],"line":11}},"s":{"0":0,"1":0},"f":{"0":0},"b":{"0":[0,0],"1":[0,0]}}
,"/Users/pedro_candido/Documents/Estudos/store/src/screens/Products/index.tsx": {"path":"/Users/pedro_candido/Documents/Estudos/store/src/screens/Products/index.tsx","statementMap":{"0":{"start":{"line":7,"column":23},"end":{"line":7,"column":36}},"1":{"start":{"line":9,"column":2},"end":{"line":13,"column":4}}},"fnMap":{"0":{"name":"Products","decl":{"start":{"line":6,"column":9},"end":{"line":6,"column":17}},"loc":{"start":{"line":6,"column":20},"end":{"line":14,"column":1}},"line":6}},"branchMap":{},"s":{"0":0,"1":0},"f":{"0":0},"b":{}}
,"/Users/pedro_candido/Documents/Estudos/store/src/store/counter.store.ts": {"path":"/Users/pedro_candido/Documents/Estudos/store/src/store/counter.store.ts","statementMap":{"0":{"start":{"line":9,"column":63},"end":{"line":21,"column":1}},"1":{"start":{"line":10,"column":2},"end":{"line":20,"column":4}},"2":{"start":{"line":13,"column":6},"end":{"line":15,"column":9}},"3":{"start":{"line":13,"column":22},"end":{"line":15,"column":7}},"4":{"start":{"line":17,"column":6},"end":{"line":19,"column":9}},"5":{"start":{"line":17,"column":22},"end":{"line":19,"column":7}}},"fnMap":{"0":{"name":"(anonymous_0)","decl":{"start":{"line":9,"column":63},"end":{"line":9,"column":64}},"loc":{"start":{"line":9,"column":72},"end":{"line":21,"column":1}},"line":9},"1":{"name":"(anonymous_1)","decl":{"start":{"line":12,"column":19},"end":{"line":12,"column":20}},"loc":{"start":{"line":13,"column":6},"end":{"line":15,"column":9}},"line":13},"2":{"name":"(anonymous_2)","decl":{"start":{"line":13,"column":10},"end":{"line":13,"column":11}},"loc":{"start":{"line":13,"column":22},"end":{"line":15,"column":7}},"line":13},"3":{"name":"(anonymous_3)","decl":{"start":{"line":16,"column":17},"end":{"line":16,"column":18}},"loc":{"start":{"line":17,"column":6},"end":{"line":19,"column":9}},"line":17},"4":{"name":"(anonymous_4)","decl":{"start":{"line":17,"column":10},"end":{"line":17,"column":11}},"loc":{"start":{"line":17,"column":22},"end":{"line":19,"column":7}},"line":17}},"branchMap":{},"s":{"0":0,"1":0,"2":0,"3":0,"4":0,"5":0},"f":{"0":0,"1":0,"2":0,"3":0,"4":0},"b":{}}
,"/Users/pedro_candido/Documents/Estudos/store/src/store/globalStore.ts": {"path":"/Users/pedro_candido/Documents/Estudos/store/src/store/globalStore.ts","statementMap":{"0":{"start":{"line":6,"column":24},"end":{"line":10,"column":3}},"1":{"start":{"line":7,"column":95},"end":{"line":10,"column":1}}},"fnMap":{"0":{"name":"(anonymous_0)","decl":{"start":{"line":7,"column":84},"end":{"line":7,"column":85}},"loc":{"start":{"line":7,"column":95},"end":{"line":10,"column":1}},"line":7}},"branchMap":{},"s":{"0":0,"1":0},"f":{"0":0},"b":{}}
,"/Users/pedro_candido/Documents/Estudos/store/src/store/products.store.ts": {"path":"/Users/pedro_candido/Documents/Estudos/store/src/store/products.store.ts","statementMap":{"0":{"start":{"line":20,"column":65},"end":{"line":47,"column":1}},"1":{"start":{"line":21,"column":2},"end":{"line":46,"column":4}},"2":{"start":{"line":23,"column":6},"end":{"line":34,"column":9}},"3":{"start":{"line":23,"column":22},"end":{"line":34,"column":7}},"4":{"start":{"line":36,"column":6},"end":{"line":43,"column":8}},"5":{"start":{"line":37,"column":34},"end":{"line":39,"column":9}},"6":{"start":{"line":38,"column":20},"end":{"line":38,"column":48}},"7":{"start":{"line":40,"column":8},"end":{"line":42,"column":10}}},"fnMap":{"0":{"name":"(anonymous_0)","decl":{"start":{"line":20,"column":65},"end":{"line":20,"column":66}},"loc":{"start":{"line":20,"column":74},"end":{"line":47,"column":1}},"line":20},"1":{"name":"(anonymous_1)","decl":{"start":{"line":22,"column":16},"end":{"line":22,"column":17}},"loc":{"start":{"line":23,"column":6},"end":{"line":34,"column":9}},"line":23},"2":{"name":"(anonymous_2)","decl":{"start":{"line":23,"column":10},"end":{"line":23,"column":11}},"loc":{"start":{"line":23,"column":22},"end":{"line":34,"column":7}},"line":23},"3":{"name":"(anonymous_3)","decl":{"start":{"line":35,"column":19},"end":{"line":35,"column":20}},"loc":{"start":{"line":36,"column":6},"end":{"line":43,"column":8}},"line":36},"4":{"name":"(anonymous_4)","decl":{"start":{"line":36,"column":10},"end":{"line":36,"column":11}},"loc":{"start":{"line":36,"column":21},"end":{"line":43,"column":7}},"line":36},"5":{"name":"(anonymous_5)","decl":{"start":{"line":38,"column":10},"end":{"line":38,"column":11}},"loc":{"start":{"line":38,"column":20},"end":{"line":38,"column":48}},"line":38}},"branchMap":{},"s":{"0":0,"1":0,"2":0,"3":0,"4":0,"5":0,"6":0,"7":0},"f":{"0":0,"1":0,"2":0,"3":0,"4":0,"5":0},"b":{}}
,"/Users/pedro_candido/Documents/Estudos/store/src/types/Product.ts": {"path":"/Users/pedro_candido/Documents/Estudos/store/src/types/Product.ts","statementMap":{},"fnMap":{},"branchMap":{},"s":{},"f":{},"b":{}}
,"/Users/pedro_candido/Documents/Estudos/store/src/utils/formatter.ts": {"path":"/Users/pedro_candido/Documents/Estudos/store/src/utils/formatter.ts","statementMap":{"0":{"start":{"line":2,"column":25},"end":{"line":2,"column":67}},"1":{"start":{"line":4,"column":2},"end":{"line":4,"column":31}}},"fnMap":{"0":{"name":"convertNumberToDollar","decl":{"start":{"line":1,"column":9},"end":{"line":1,"column":30}},"loc":{"start":{"line":1,"column":46},"end":{"line":5,"column":1}},"line":1}},"branchMap":{},"s":{"0":3,"1":3},"f":{"0":3},"b":{},"_coverageSchema":"1a1c01bbd47fc00a2c39e90264f33305004495a9","hash":"c6df6d7d67aa6d218438b8057e69386e2980b4c7"}
,"/Users/pedro_candido/Documents/Estudos/store/src/utils/products.ts": {"path":"/Users/pedro_candido/Documents/Estudos/store/src/utils/products.ts","statementMap":{},"fnMap":{},"branchMap":{},"s":{},"f":{},"b":{}}
,"/Users/pedro_candido/Documents/Estudos/store/src/utils/theme.tsx": {"path":"/Users/pedro_candido/Documents/Estudos/store/src/utils/theme.tsx","statementMap":{"0":{"start":{"line":5,"column":25},"end":{"line":7,"column":1}},"1":{"start":{"line":6,"column":2},"end":{"line":6,"column":58}}},"fnMap":{"0":{"name":"(anonymous_0)","decl":{"start":{"line":5,"column":25},"end":{"line":5,"column":26}},"loc":{"start":{"line":6,"column":2},"end":{"line":6,"column":58}},"line":6}},"branchMap":{},"s":{"0":0,"1":0},"f":{"0":0},"b":{}}
}
