TN:
SF:src/api/index.ts
FNF:0
FNH:0
DA:3,1
LF:1
LH:1
BRF:0
BRH:0
end_of_record
TN:
SF:src/assets/index.tsx
FNF:0
FNH:0
LF:0
LH:0
BRF:0
BRH:0
end_of_record
TN:
SF:src/assets/svg.d.ts
FNF:0
FNH:0
LF:0
LH:0
BRF:0
BRH:0
end_of_record
TN:
SF:src/components/AddedProduct/AddedProduct.styles.ts
FNF:0
FNH:0
DA:5,0
DA:13,0
DA:18,0
LF:3
LH:0
BRF:0
BRH:0
end_of_record
TN:
SF:src/components/AddedProduct/index.tsx
FN:9,AddedProduct
FN:12,(anonymous_1)
FNF:2
FNH:0
FNDA:0,AddedProduct
FNDA:0,(anonymous_1)
DA:10,0
DA:12,0
DA:13,0
DA:16,0
LF:4
LH:0
BRF:0
BRH:0
end_of_record
TN:
SF:src/components/AddedProductsList/index.tsx
FN:8,AddedProductsList
FN:15,(anonymous_1)
FNF:2
FNH:0
FNDA:0,AddedProductsList
FNDA:0,(anonymous_1)
DA:9,0
DA:11,0
DA:15,0
LF:3
LH:0
BRF:0
BRH:0
end_of_record
TN:
SF:src/components/Button/Button.stories.tsx
FNF:0
FNH:0
DA:5,0
DA:12,0
LF:2
LH:0
BRF:0
BRH:0
end_of_record
TN:
SF:src/components/Button/Button.styles.tsx
FN:13,(anonymous_0)
FNF:1
FNH:0
FNDA:0,(anonymous_0)
DA:12,1
DA:13,0
DA:24,1
DA:29,1
LF:4
LH:3
BRDA:13,0,0,0
BRDA:13,0,1,0
BRF:2
BRH:0
end_of_record
TN:
SF:src/components/Button/Button.types.ts
FNF:0
FNH:0
LF:0
LH:0
BRF:0
BRH:0
end_of_record
TN:
SF:src/components/Button/index.tsx
FN:4,Button
FN:7,(anonymous_1)
FNF:2
FNH:0
FNDA:0,Button
FNDA:0,(anonymous_1)
DA:5,0
DA:7,0
LF:2
LH:0
BRDA:4,0,0,0
BRDA:7,1,0,0
BRDA:7,1,1,0
BRDA:11,2,0,0
BRDA:11,2,1,0
BRDA:12,3,0,0
BRDA:12,3,1,0
BRF:7
BRH:0
end_of_record
TN:
SF:src/components/Header/Header.styles.ts
FNF:0
FNH:0
DA:3,0
DA:8,0
LF:2
LH:0
BRF:0
BRH:0
end_of_record
TN:
SF:src/components/Header/index.tsx
FN:11,Header
FNF:1
FNH:0
FNDA:0,Header
DA:12,0
LF:1
LH:0
BRDA:14,0,0,0
BRDA:14,0,1,0
BRDA:16,1,0,0
BRDA:16,1,1,0
BRF:4
BRH:0
end_of_record
TN:
SF:src/components/HeaderItem/HeaderItem.styles.tsx
FN:8,(anonymous_0)
FNF:1
FNH:0
FNDA:0,(anonymous_0)
DA:7,0
DA:9,0
DA:24,0
DA:29,0
LF:4
LH:0
BRDA:9,0,0,0
BRDA:9,0,1,0
BRF:2
BRH:0
end_of_record
TN:
SF:src/components/HeaderItem/HeaderItem.types.ts
FNF:0
FNH:0
LF:0
LH:0
BRF:0
BRH:0
end_of_record
TN:
SF:src/components/HeaderItem/index.tsx
FN:4,HeaderItem
FN:13,(anonymous_1)
FNF:2
FNH:0
FNDA:0,HeaderItem
FNDA:0,(anonymous_1)
DA:11,0
DA:13,0
LF:2
LH:0
BRDA:5,0,0,0
BRDA:8,1,0,0
BRDA:13,2,0,0
BRDA:13,2,1,0
BRDA:18,3,0,0
BRDA:18,3,1,0
BRDA:19,4,0,0
BRDA:19,4,1,0
BRF:8
BRH:0
end_of_record
TN:
SF:src/components/HeaderLeftItem/index.tsx
FN:10,HeaderLeftItem
FN:13,(anonymous_1)
FNF:2
FNH:0
FNDA:0,HeaderLeftItem
FNDA:0,(anonymous_1)
DA:8,0
DA:11,0
DA:13,0
DA:14,0
DA:17,0
LF:5
LH:0
BRF:0
BRH:0
end_of_record
TN:
SF:src/components/HeaderRightItem/index.tsx
FN:7,HeaderRightItem
FN:10,(anonymous_1)
FNF:2
FNH:0
FNDA:0,HeaderRightItem
FNDA:0,(anonymous_1)
DA:8,0
DA:10,0
DA:11,0
DA:14,0
LF:4
LH:0
BRF:0
BRH:0
end_of_record
TN:
SF:src/components/Label/Label.styles.ts
FNF:0
FNH:0
DA:3,1
LF:1
LH:1
BRF:0
BRH:0
end_of_record
TN:
SF:src/components/Label/index.tsx
FN:5,Label
FNF:1
FNH:0
FNDA:0,Label
DA:6,0
LF:1
LH:0
BRF:0
BRH:0
end_of_record
TN:
SF:src/components/ListEmptyComponent/index.tsx
FN:3,ListEmptyComponent
FNF:1
FNH:0
FNDA:0,ListEmptyComponent
DA:4,0
LF:1
LH:0
BRF:0
BRH:0
end_of_record
TN:
SF:src/components/Product/Product.styles.ts
FNF:0
FNH:0
DA:5,1
DA:13,1
DA:20,1
DA:25,1
DA:34,1
DA:41,1
LF:6
LH:6
BRF:0
BRH:0
end_of_record
TN:
SF:src/components/Product/index.tsx
FN:21,Product
FN:27,handlePressPrimary
FN:37,handlePressSecondary
FNF:3
FNH:0
FNDA:0,Product
FNDA:0,handlePressPrimary
FNDA:0,handlePressSecondary
DA:19,1
DA:22,0
DA:23,0
DA:25,0
DA:28,0
DA:38,0
DA:41,0
LF:7
LH:1
BRDA:67,0,0,0
BRDA:67,0,1,0
BRF:2
BRH:0
end_of_record
TN:
SF:src/components/ProductList/ProductList.styles.ts
FNF:0
FNH:0
DA:5,1
LF:1
LH:1
BRF:0
BRH:0
end_of_record
TN:
SF:src/components/ProductList/ProductList.types.ts
FNF:0
FNH:0
LF:0
LH:0
BRF:0
BRH:0
end_of_record
TN:
SF:src/components/ProductList/index.tsx
FN:11,ProductList
FN:18,(anonymous_1)
FNF:2
FNH:0
FNDA:0,ProductList
FNDA:0,(anonymous_1)
DA:12,0
DA:18,0
LF:2
LH:0
BRF:0
BRH:0
end_of_record
TN:
SF:src/constants/testIds.ts
FNF:0
FNH:0
DA:1,1
LF:1
LH:1
BRF:0
BRH:0
end_of_record
TN:
SF:src/hooks/hooks.types.ts
FNF:0
FNH:0
LF:0
LH:0
BRF:0
BRH:0
end_of_record
TN:
SF:src/hooks/index.ts
FNF:0
FNH:0
LF:0
LH:0
BRF:0
BRH:0
end_of_record
TN:
SF:src/hooks/useProducts.ts
FN:7,useProducts
FN:10,(anonymous_1)
FN:14,getProducts
FN:26,getOneProduct
FN:31,sortAllProducts
FN:36,getAllCategories
FN:41,getProductsFromACategory
FN:46,hasProductOnCart
FN:47,(anonymous_8)
FNF:9
FNH:0
FNDA:0,useProducts
FNDA:0,(anonymous_1)
FNDA:0,getProducts
FNDA:0,getOneProduct
FNDA:0,sortAllProducts
FNDA:0,getAllCategories
FNDA:0,getProductsFromACategory
FNDA:0,hasProductOnCart
FNDA:0,(anonymous_8)
DA:8,0
DA:10,0
DA:11,0
DA:15,0
DA:16,0
DA:17,0
DA:18,0
DA:19,0
DA:21,0
DA:22,0
DA:27,0
DA:28,0
DA:32,0
DA:33,0
DA:37,0
DA:38,0
DA:42,0
DA:43,0
DA:47,0
DA:50,0
LF:20
LH:0
BRF:0
BRH:0
end_of_record
TN:
SF:src/hooks/useCart/useCart.ts
FN:8,useCart
FN:11,addProduct
FN:15,removeProductFromCart
FNF:3
FNH:0
FNDA:0,useCart
FNDA:0,addProduct
FNDA:0,removeProductFromCart
DA:9,0
DA:12,0
DA:16,0
DA:19,0
LF:4
LH:0
BRF:0
BRH:0
end_of_record
TN:
SF:src/routes/LoggedRouters.ts
FNF:0
FNH:0
LF:0
LH:0
BRF:0
BRH:0
end_of_record
TN:
SF:src/routes/Routes.tsx
FN:14,Routes
FN:22,(anonymous_1)
FN:29,(anonymous_2)
FNF:3
FNH:0
FNDA:0,Routes
FNDA:0,(anonymous_1)
FNDA:0,(anonymous_2)
DA:12,0
DA:15,0
DA:22,0
DA:29,0
LF:4
LH:0
BRF:0
BRH:0
end_of_record
TN:
SF:src/screens/index.ts
FNF:0
FNH:0
LF:0
LH:0
BRF:0
BRH:0
end_of_record
TN:
SF:src/screens/Cart/Cart.styles.ts.tsx
FNF:0
FNH:0
DA:5,0
DA:11,0
LF:2
LH:0
BRF:0
BRH:0
end_of_record
TN:
SF:src/screens/Cart/index.tsx
FN:5,Cart
FNF:1
FNH:0
FNDA:0,Cart
DA:6,0
DA:8,0
LF:2
LH:0
BRDA:10,0,0,0
BRDA:10,0,1,0
BRDA:11,1,0,0
BRDA:11,1,1,0
BRF:4
BRH:0
end_of_record
TN:
SF:src/screens/Products/index.tsx
FN:6,Products
FNF:1
FNH:0
FNDA:0,Products
DA:7,0
DA:9,0
LF:2
LH:0
BRF:0
BRH:0
end_of_record
TN:
SF:src/store/counter.store.ts
FN:9,(anonymous_0)
FN:12,(anonymous_1)
FN:13,(anonymous_2)
FN:16,(anonymous_3)
FN:17,(anonymous_4)
FNF:5
FNH:1
FNDA:1,(anonymous_0)
FNDA:0,(anonymous_1)
FNDA:0,(anonymous_2)
FNDA:0,(anonymous_3)
FNDA:0,(anonymous_4)
DA:9,1
DA:10,1
DA:13,0
DA:17,0
LF:4
LH:2
BRF:0
BRH:0
end_of_record
TN:
SF:src/store/globalStore.ts
FN:7,(anonymous_0)
FNF:1
FNH:1
FNDA:1,(anonymous_0)
DA:6,1
DA:7,1
LF:2
LH:2
BRF:0
BRH:0
end_of_record
TN:
SF:src/store/products.store.ts
FN:20,(anonymous_0)
FN:22,(anonymous_1)
FN:23,(anonymous_2)
FN:35,(anonymous_3)
FN:36,(anonymous_4)
FN:38,(anonymous_5)
FNF:6
FNH:1
FNDA:1,(anonymous_0)
FNDA:0,(anonymous_1)
FNDA:0,(anonymous_2)
FNDA:0,(anonymous_3)
FNDA:0,(anonymous_4)
FNDA:0,(anonymous_5)
DA:20,1
DA:21,1
DA:23,0
DA:36,0
DA:37,0
DA:38,0
DA:40,0
LF:7
LH:2
BRF:0
BRH:0
end_of_record
TN:
SF:src/types/Product.ts
FNF:0
FNH:0
LF:0
LH:0
BRF:0
BRH:0
end_of_record
TN:
SF:src/utils/formatter.ts
FN:1,convertNumberToDollar
FNF:1
FNH:0
FNDA:0,convertNumberToDollar
DA:2,0
DA:4,0
LF:2
LH:0
BRF:0
BRH:0
end_of_record
